This is pdfeTeX, Version 3.141592-1.21a-2.2 (Web2C 7.5.4) (format=latex 2006.10.1)  12 APR 2007 00:51
entering extended mode
**sigops-2007.ltx
(./sigops-2007.ltx
LaTeX2e <2003/12/01>
Babel <v3.8d> and hyphenation patterns for american, french, german, ngerman, b
ahasa, basque, bulgarian, catalan, croatian, czech, danish, dutch, esperanto, e
stonian, finnish, greek, icelandic, irish, italian, latin, magyar, norsk, polis
h, portuges, romanian, russian, serbian, slovak, slovene, spanish, swedish, tur
kish, ukrainian, nohyphenation, loaded.
(/usr/share/texmf/tex/latex/base/article.cls
Document Class: article 2004/02/16 v1.4f Standard LaTeX document class
(/usr/share/texmf/tex/latex/base/size10.clo
File: size10.clo 2004/02/16 v1.4f Standard LaTeX file (size option)
)
\c@part=\count79
\c@section=\count80
\c@subsection=\count81
\c@subsubsection=\count82
\c@paragraph=\count83
\c@subparagraph=\count84
\c@figure=\count85
\c@table=\count86
\abovecaptionskip=\skip41
\belowcaptionskip=\skip42
\bibindent=\dimen102
)
(/usr/share/texmf/tex/latex/base/alltt.sty
Package: alltt 1997/06/16 v2.0g defines alltt environment
)
(/usr/share/texmf/tex/latex/ulem/ulem.sty
\UL@box=\box26
\UL@hyphenbox=\box27
\UL@skip=\skip43
\UL@hook=\toks14
\UL@pe=\count87
\UL@pixel=\dimen103
\ULC@box=\box28
Package: ulem 2000/05/26
\ULdepth=\dimen104
)
(/usr/share/texmf/tex/latex/psnfss/times.sty
Package: times 2004/09/15 PSNFSS-v9.2 (SPQR) 
)
(/usr/share/texmf/tex/latex/graphics/graphicx.sty
Package: graphicx 1999/02/16 v1.0f Enhanced LaTeX Graphics (DPC,SPQR)

(/usr/share/texmf/tex/latex/graphics/keyval.sty
Package: keyval 1999/03/16 v1.13 key=value parser (DPC)
\KV@toks@=\toks15
)
(/usr/share/texmf/tex/latex/graphics/graphics.sty
Package: graphics 2001/07/07 v1.0n Standard LaTeX Graphics (DPC,SPQR)

(/usr/share/texmf/tex/latex/graphics/trig.sty
Package: trig 1999/03/16 v1.09 sin cos tan (DPC)
)
(/usr/share/texmf/tex/latex/graphics/graphics.cfg
File: graphics.cfg 2005/02/03 v1.3 graphics configuration of teTeX/TeXLive
)
Package graphics Info: Driver file: dvips.def on input line 80.

(/usr/share/texmf/tex/latex/graphics/dvips.def
File: dvips.def 1999/02/16 v3.0i Driver-dependant file (DPC,SPQR)
))
\Gin@req@height=\dimen105
\Gin@req@width=\dimen106
)
(/usr/share/texmf/tex/latex/xtab/xtab.sty
Package: xtab 2000/04/09 v2.3 Extended supertabular package
\c@tracingst=\count88
\PWSTcapht=\dimen107
\ST@wd=\dimen108
\ST@rightskip=\skip44
\ST@leftskip=\skip45
\ST@parfillskip=\skip46
\c@PWSTtable=\count89
\PWSTlastpage=\count90
\PWSTpenultimate=\count91
\PWSTcurpage=\count92
\PWSTtempc=\count93
\PWSTlines=\count94
\PWST@lastht=\dimen109
\PWST@generalht=\dimen110
\PWST@ht=\dimen111
\ST@pageleft=\dimen112
\ST@headht=\dimen113
\ST@tailht=\dimen114
\ST@pagesofar=\dimen115
\ST@pboxht=\dimen116
\ST@lineht=\dimen117
\ST@stretchht=\dimen118
\ST@prevht=\dimen119
\ST@toadd=\dimen120
\ST@dimen=\dimen121
\ST@pbox=\box29
)
(/usr/share/texmf/tex/plain/dvips/colordvi.tex)
(/usr/share/texmf/tex/latex/graphics/color.sty
Package: color 1999/02/16 v1.0i Standard LaTeX Color (DPC)

(/usr/share/texmf/tex/latex/graphics/color.cfg
File: color.cfg 2005/02/03 v1.3 color configuration of teTeX/TeXLive
)
Package color Info: Driver file: dvips.def on input line 125.

(/usr/share/texmf/tex/latex/graphics/dvipsnam.def
File: dvipsnam.def 1999/02/16 v3.0i Driver-dependant file (DPC,SPQR)
))
(/usr/share/texmf/tex/latex/listings/listings.sty
\lst@mode=\count95
\lst@gtempboxa=\box30
\lst@token=\toks16
\lst@length=\count96
\lst@currlwidth=\dimen122
\lst@column=\count97
\lst@pos=\count98
\lst@lostspace=\dimen123
\lst@width=\dimen124
\lst@newlines=\count99
\lst@lineno=\count100
\c@lstlisting=\count101
\lst@maxwidth=\dimen125

(/usr/share/texmf/tex/latex/listings/lstpatch.sty
File: lstpatch.sty 2004/10/17 1.3b (Carsten Heinz)
)
(/usr/share/texmf/tex/latex/listings/lstmisc.sty
File: lstmisc.sty 2004/09/07 1.3 (Carsten Heinz)
\c@lstnumber=\count102
\lst@skipnumbers=\count103
\lst@framebox=\box31
)
(/usr/share/texmf/tex/latex/listings/listings.cfg
File: listings.cfg 2004/09/05 1.3 listings configuration
))
Package: listings 2004/10/17 1.3b (Carsten Heinz)

(/usr/share/texmf/tex/latex/amsfonts/amssymb.sty
Package: amssymb 2002/01/22 v2.2d

(/usr/share/texmf/tex/latex/amsfonts/amsfonts.sty
Package: amsfonts 2001/10/25 v2.2f
\@emptytoks=\toks17
\symAMSa=\mathgroup4
\symAMSb=\mathgroup5
LaTeX Font Info:    Overwriting math alphabet `\mathfrak' in version `bold'
(Font)                  U/euf/m/n --> U/euf/b/n on input line 132.
))
(/usr/share/texmf/tex/latex/amscls/amsthm.sty
Package: amsthm 2004/08/06 v2.20
\thm@style=\toks18
\thm@bodyfont=\toks19
\thm@headfont=\toks20
\thm@notefont=\toks21
\thm@headpunct=\toks22
\thm@preskip=\skip47
\thm@postskip=\skip48
\thm@headsep=\skip49
\dth@everypar=\toks23
)
\c@subpart=\count104
\c@theorem=\count105
\c@lemma=\count106
\c@definition=\count107
\footheight=\dimen126
 (./sigops-2007.aux)
\openout1 = `sigops-2007.aux'.

LaTeX Font Info:    Checking defaults for OML/cmm/m/it on input line 291.
LaTeX Font Info:    ... okay on input line 291.
LaTeX Font Info:    Checking defaults for T1/cmr/m/n on input line 291.
LaTeX Font Info:    ... okay on input line 291.
LaTeX Font Info:    Checking defaults for OT1/cmr/m/n on input line 291.
LaTeX Font Info:    ... okay on input line 291.
LaTeX Font Info:    Checking defaults for OMS/cmsy/m/n on input line 291.
LaTeX Font Info:    ... okay on input line 291.
LaTeX Font Info:    Checking defaults for OMX/cmex/m/n on input line 291.
LaTeX Font Info:    ... okay on input line 291.
LaTeX Font Info:    Checking defaults for U/cmr/m/n on input line 291.
LaTeX Font Info:    ... okay on input line 291.
LaTeX Font Info:    Try loading font information for U+msa on input line 308.

(/usr/share/texmf/tex/latex/amsfonts/umsa.fd
File: umsa.fd 2002/01/19 v2.2g AMS font definitions
)
LaTeX Font Info:    Try loading font information for U+msb on input line 308.

(/usr/share/texmf/tex/latex/amsfonts/umsb.fd
File: umsb.fd 2002/01/19 v2.2g AMS font definitions
) [1


] [2]
Underfull \hbox (badness 4872) in paragraph at lines 385--387
[]\OT1/cmr/m/n/9 Immutable ob-jects are guarded by a software-
 []


Underfull \vbox (badness 1406) has occurred while \output is active []

 [3]
Underfull \vbox (badness 2103) has occurred while \output is active []

 [4]
LaTeX Font Info:    Try loading font information for OMS+cmr on input line 439.


(/usr/share/texmf/tex/latex/base/omscmr.fd
File: omscmr.fd 1999/05/25 v2.5h Standard LaTeX font definitions
)
LaTeX Font Info:    Font shape `OMS/cmr/m/n' in size <9> not available
(Font)              Font shape `OMS/cmsy/m/n' tried instead on input line 439.

Underfull \vbox (badness 10000) has occurred while \output is active []

 [5]
Underfull \hbox (badness 5119) in paragraph at lines 493--494
[]\OT1/cmr/m/n/9 C. R. Lan-dau, ``The Check-point Mech-a-nism in
 []

[6] (./sigops-2007.aux) ) 
Here is how much of TeX's memory you used:
 2852 strings out of 94501
 37460 string characters out of 1173692
 94672 words of memory out of 1000000
 5995 multiletter control sequences out of 10000+50000
 15476 words of font info for 53 fonts, out of 500000 for 2000
 580 hyphenation exceptions out of 1000
 26i,15n,42p,1179b,308s stack positions out of 1500i,500n,5000p,200000b,5000s

Output written on sigops-2007.dvi (6 pages, 48700 bytes).
